1692861334038	geckodriver	INFO	Listening on 127.0.0.1:64561
1692861337084	mozrunner::runner	INFO	Running command: "C:\\Program Files\\Mozilla Firefox\\firefox.exe" "--marionette" "--remote-debugging-port" "64562" "--remote-allow-hosts" "localhost" "-no-remote" "-profile" "C:\\Users\\000BAW~1\\AppData\\Local\\Temp\\rust_mozprofilew5FwlF"
console.error: Enterprise Policies: 
  Unknown policy: FlashPlugin
console.warn: services.settings: Ignoring preference override of remote settings server
console.warn: services.settings: Allow by setting MOZ_REMOTE_SETTINGS_DEVTOOLS=1 in the environment
1692861337913	Marionette	INFO	Marionette enabled
Dynamically enable window occlusion 0
1692861338138	Marionette	INFO	Listening on port 64569
WebDriver BiDi listening on ws://127.0.0.1:64562
Read port: 64569
1692861338499	RemoteAgent	WARN	TLS certificate errors will be ignored for this session
DevTools listening on ws://127.0.0.1:64562/devtools/browser/cf516975-902b-4b47-9bbe-969d4e11f616
1692861341470	Marionette	INFO	Stopped listening on port 64569
Dynamically enable window occlusion 1
[Parent 21540, IPC I/O Parent] WARNING: DuplicateHandle failed for handle 0 in TransferHandles: file /builds/worker/checkouts/gecko/ipc/chromium/src/chrome/common/ipc_channel_win.cc:621
[GPU 17340, IPC I/O Child] WARNING: pipe error: 232: file /builds/worker/checkouts/gecko/ipc/chromium/src/chrome/common/ipc_channel_win.cc:443
[Parent 21540, IPC I/O Parent] WARNING: DuplicateHandle failed for handle 0 in TransferHandles: file /builds/worker/checkouts/gecko/ipc/chromium/src/chrome/common/ipc_channel_win.cc:621
[GPU 17340, IPC I/O Child] WARNING: pipe error: 232: file /builds/worker/checkouts/gecko/ipc/chromium/src/chrome/common/ipc_channel_win.cc:443
[Parent 21540, IPC I/O Parent] WARNING: DuplicateHandle failed for handle 0 in TransferHandles: file /builds/worker/checkouts/gecko/ipc/chromium/src/chrome/common/ipc_channel_win.cc:621
[GPU 17340, IPC I/O Child] WARNING: pipe error: 232: file /builds/worker/checkouts/gecko/ipc/chromium/src/chrome/common/ipc_channel_win.cc:443
[Parent 21540, IPC I/O Parent] WARNING: DuplicateHandle failed for handle 0 in TransferHandles: file /builds/worker/checkouts/gecko/ipc/chromium/src/chrome/common/ipc_channel_win.cc:621
[GPU 17340, IPC I/O Child] WARNING: pipe error: 232: file /builds/worker/checkouts/gecko/ipc/chromium/src/chrome/common/ipc_channel_win.cc:443
[Parent 21540, IPC I/O Parent] WARNING: DuplicateHandle failed for handle 0 in TransferHandles: file /builds/worker/checkouts/gecko/ipc/chromium/src/chrome/common/ipc_channel_win.cc:621
[GPU 17340, IPC I/O Child] WARNING: pipe error: 232: file /builds/worker/checkouts/gecko/ipc/chromium/src/chrome/common/ipc_channel_win.cc:443
1693270439366	geckodriver	INFO	Listening on 127.0.0.1:63415
1693270442492	mozrunner::runner	INFO	Running command: "C:\\Program Files\\Mozilla Firefox\\firefox.exe" "--marionette" "--remote-debugging-port" "63416" "--remote-allow-hosts" "localhost" "-no-remote" "-profile" "C:\\Users\\000BAW~1\\AppData\\Local\\Temp\\rust_mozprofilepWyLNq"
console.error: Enterprise Policies: 
  Unknown policy: FlashPlugin
console.warn: services.settings: Ignoring preference override of remote settings server
console.warn: services.settings: Allow by setting MOZ_REMOTE_SETTINGS_DEVTOOLS=1 in the environment
1693270443102	Marionette	INFO	Marionette enabled
Dynamically enable window occlusion 0
1693270443239	Marionette	INFO	Listening on port 63423
WebDriver BiDi listening on ws://127.0.0.1:63416
Read port: 63423
1693270443634	RemoteAgent	WARN	TLS certificate errors will be ignored for this session
DevTools listening on ws://127.0.0.1:63416/devtools/browser/6a0f7740-16a0-428e-bfb0-3668cc06fe7f
1693270447231	Marionette	INFO	Stopped listening on port 63423
Dynamically enable window occlusion 1
[Parent 15212, IPC I/O Parent] WARNING: DuplicateHandle failed for handle 0 in TransferHandles: file /builds/worker/checkouts/gecko/ipc/chromium/src/chrome/common/ipc_channel_win.cc:621
[GPU 11784, IPC I/O Child] WARNING: pipe error: 232: file /builds/worker/checkouts/gecko/ipc/chromium/src/chrome/common/ipc_channel_win.cc:443
[Parent 15212, IPC I/O Parent] WARNING: DuplicateHandle failed for handle 0 in TransferHandles: file /builds/worker/checkouts/gecko/ipc/chromium/src/chrome/common/ipc_channel_win.cc:621
[GPU 11784, IPC I/O Child] WARNING: pipe error: 232: file /builds/worker/checkouts/gecko/ipc/chromium/src/chrome/common/ipc_channel_win.cc:443
[Parent 15212, IPC I/O Parent] WARNING: DuplicateHandle failed for handle 0 in TransferHandles: file /builds/worker/checkouts/gecko/ipc/chromium/src/chrome/common/ipc_channel_win.cc:621
[GPU 11784, IPC I/O Child] WARNING: pipe error: 232: file /builds/worker/checkouts/gecko/ipc/chromium/src/chrome/common/ipc_channel_win.cc:443
[Parent 15212, IPC I/O Parent] WARNING: DuplicateHandle failed for handle 0 in TransferHandles: file /builds/worker/checkouts/gecko/ipc/chromium/src/chrome/common/ipc_channel_win.cc:621
[GPU 11784, IPC I/O Child] WARNING: pipe error: 232: file /builds/worker/checkouts/gecko/ipc/chromium/src/chrome/common/ipc_channel_win.cc:443
[Parent 15212, IPC I/O Parent] WARNING: DuplicateHandle failed for handle 0 in TransferHandles: file /builds/worker/checkouts/gecko/ipc/chromium/src/chrome/common/ipc_channel_win.cc:621
[GPU 11784, IPC I/O Child] WARNING: pipe error: 232: file /builds/worker/checkouts/gecko/ipc/chromium/src/chrome/common/ipc_channel_win.cc:443
1693270582342	geckodriver	INFO	Listening on 127.0.0.1:49874
1693270585398	mozrunner::runner	INFO	Running command: "C:\\Program Files\\Mozilla Firefox\\firefox.exe" "--marionette" "--remote-debugging-port" "49875" "--remote-allow-hosts" "localhost" "-no-remote" "-profile" "C:\\Users\\000BAW~1\\AppData\\Local\\Temp\\rust_mozprofile2uQn2t"
console.error: Enterprise Policies: 
  Unknown policy: FlashPlugin
console.warn: services.settings: Ignoring preference override of remote settings server
console.warn: services.settings: Allow by setting MOZ_REMOTE_SETTINGS_DEVTOOLS=1 in the environment
1693270585792	Marionette	INFO	Marionette enabled
Dynamically enable window occlusion 0
1693270585934	Marionette	INFO	Listening on port 49882
WebDriver BiDi listening on ws://127.0.0.1:49875
Read port: 49882
1693270586201	RemoteAgent	WARN	TLS certificate errors will be ignored for this session
DevTools listening on ws://127.0.0.1:49875/devtools/browser/99862356-712d-4fa6-acca-1e33a53e7e9d
1693270588896	Marionette	INFO	Stopped listening on port 49882
Dynamically enable window occlusion 1
[Parent 21404, IPC I/O Parent] WARNING: DuplicateHandle failed for handle 0 in TransferHandles: file /builds/worker/checkouts/gecko/ipc/chromium/src/chrome/common/ipc_channel_win.cc:621
[GPU 21620, IPC I/O Child] WARNING: pipe error: 232: file /builds/worker/checkouts/gecko/ipc/chromium/src/chrome/common/ipc_channel_win.cc:443
[Parent 21404, IPC I/O Parent] WARNING: DuplicateHandle failed for handle 0 in TransferHandles: file /builds/worker/checkouts/gecko/ipc/chromium/src/chrome/common/ipc_channel_win.cc:621
[GPU 21620, IPC I/O Child] WARNING: pipe error: 232: file /builds/worker/checkouts/gecko/ipc/chromium/src/chrome/common/ipc_channel_win.cc:443
[Parent 21404, IPC I/O Parent] WARNING: DuplicateHandle failed for handle 0 in TransferHandles: file /builds/worker/checkouts/gecko/ipc/chromium/src/chrome/common/ipc_channel_win.cc:621
[GPU 21620, IPC I/O Child] WARNING: pipe error: 232: file /builds/worker/checkouts/gecko/ipc/chromium/src/chrome/common/ipc_channel_win.cc:443
[Parent 21404, IPC I/O Parent] WARNING: DuplicateHandle failed for handle 0 in TransferHandles: file /builds/worker/checkouts/gecko/ipc/chromium/src/chrome/common/ipc_channel_win.cc:621
[GPU 21620, IPC I/O Child] WARNING: pipe error: 232: file /builds/worker/checkouts/gecko/ipc/chromium/src/chrome/common/ipc_channel_win.cc:443
[Parent 21404, IPC I/O Parent] WARNING: DuplicateHandle failed for handle 0 in TransferHandles: file /builds/worker/checkouts/gecko/ipc/chromium/src/chrome/common/ipc_channel_win.cc:621
[GPU 21620, IPC I/O Child] WARNING: pipe error: 232: file /builds/worker/checkouts/gecko/ipc/chromium/src/chrome/common/ipc_channel_win.cc:443
1693271988034	geckodriver	INFO	Listening on 127.0.0.1:65419
1693271991150	mozrunner::runner	INFO	Running command: "C:\\Program Files\\Mozilla Firefox\\firefox.exe" "--marionette" "--remote-debugging-port" "65420" "--remote-allow-hosts" "localhost" "-no-remote" "-profile" "C:\\Users\\000BAW~1\\AppData\\Local\\Temp\\rust_mozprofile3yDa1u"
console.error: Enterprise Policies: 
  Unknown policy: FlashPlugin
console.warn: services.settings: Ignoring preference override of remote settings server
console.warn: services.settings: Allow by setting MOZ_REMOTE_SETTINGS_DEVTOOLS=1 in the environment
1693271991642	Marionette	INFO	Marionette enabled
Dynamically enable window occlusion 0
1693271991761	Marionette	INFO	Listening on port 65427
WebDriver BiDi listening on ws://127.0.0.1:65420
Read port: 65427
1693271992089	RemoteAgent	WARN	TLS certificate errors will be ignored for this session
DevTools listening on ws://127.0.0.1:65420/devtools/browser/746b0d0c-95c5-48b4-9059-a831acb4b23c
console.warn: LoginRecipes: "Falling back to a synchronous message for: http://alchemy.hguy.co:8080."
console.warn: LoginRecipes: "Falling back to a synchronous message for: http://alchemy.hguy.co:8080."
1693271995613	Marionette	INFO	Stopped listening on port 65427
Dynamically enable window occlusion 1
[Parent 24744, IPC I/O Parent] WARNING: DuplicateHandle failed for handle 0 in TransferHandles: file /builds/worker/checkouts/gecko/ipc/chromium/src/chrome/common/ipc_channel_win.cc:621
[GPU 11376, IPC I/O Child] WARNING: pipe error: 232: file /builds/worker/checkouts/gecko/ipc/chromium/src/chrome/common/ipc_channel_win.cc:443
[Parent 24744, IPC I/O Parent] WARNING: DuplicateHandle failed for handle 0 in TransferHandles: file /builds/worker/checkouts/gecko/ipc/chromium/src/chrome/common/ipc_channel_win.cc:621
[GPU 11376, IPC I/O Child] WARNING: pipe error: 232: file /builds/worker/checkouts/gecko/ipc/chromium/src/chrome/common/ipc_channel_win.cc:443
[Parent 24744, IPC I/O Parent] WARNING: DuplicateHandle failed for handle 0 in TransferHandles: file /builds/worker/checkouts/gecko/ipc/chromium/src/chrome/common/ipc_channel_win.cc:621
[GPU 11376, IPC I/O Child] WARNING: pipe error: 232: file /builds/worker/checkouts/gecko/ipc/chromium/src/chrome/common/ipc_channel_win.cc:443
[Parent 24744, IPC I/O Parent] WARNING: DuplicateHandle failed for handle 0 in TransferHandles: file /builds/worker/checkouts/gecko/ipc/chromium/src/chrome/common/ipc_channel_win.cc:621
[GPU 11376, IPC I/O Child] WARNING: pipe error: 232: file /builds/worker/checkouts/gecko/ipc/chromium/src/chrome/common/ipc_channel_win.cc:443
[Parent 24744, IPC I/O Parent] WARNING: DuplicateHandle failed for handle 0 in TransferHandles: file /builds/worker/checkouts/gecko/ipc/chromium/src/chrome/common/ipc_channel_win.cc:621
[GPU 11376, IPC I/O Child] WARNING: pipe error: 232: file /builds/worker/checkouts/gecko/ipc/chromium/src/chrome/common/ipc_channel_win.cc:443
JavaScript error: http://alchemy.hguy.co:8080/orangehrm/symfony/web/webres_5d69118beeec64.10301452/js/jquery/jquery-1.7.2.min.js line 2 > eval, line 10: ReferenceError: visualizePieChart is not defined
[Parent 24744, IPC I/O Parent] WARNING: DuplicateHandle failed for handle 0 in TransferHandles: file /builds/worker/checkouts/gecko/ipc/chromium/src/chrome/common/ipc_channel_win.cc:621
[GPU 11376, IPC I/O Child] WARNING: pipe error: 232: file /builds/worker/checkouts/gecko/ipc/chromium/src/chrome/common/ipc_channel_win.cc:443
1693272675281	geckodriver	INFO	Listening on 127.0.0.1:62512
1693272678400	mozrunner::runner	INFO	Running command: "C:\\Program Files\\Mozilla Firefox\\firefox.exe" "--marionette" "--remote-debugging-port" "62513" "--remote-allow-hosts" "localhost" "-no-remote" "-profile" "C:\\Users\\000BAW~1\\AppData\\Local\\Temp\\rust_mozprofileFJfOT5"
console.error: Enterprise Policies: 
  Unknown policy: FlashPlugin
console.warn: services.settings: Ignoring preference override of remote settings server
console.warn: services.settings: Allow by setting MOZ_REMOTE_SETTINGS_DEVTOOLS=1 in the environment
1693272678861	Marionette	INFO	Marionette enabled
Dynamically enable window occlusion 0
1693272678999	Marionette	INFO	Listening on port 62521
WebDriver BiDi listening on ws://127.0.0.1:62513
Read port: 62521
1693272679302	RemoteAgent	WARN	TLS certificate errors will be ignored for this session
DevTools listening on ws://127.0.0.1:62513/devtools/browser/ce23424f-c572-4298-969f-b4be6372b123
console.warn: LoginRecipes: "Falling back to a synchronous message for: http://alchemy.hguy.co:8080."
console.warn: LoginRecipes: "Falling back to a synchronous message for: http://alchemy.hguy.co:8080."
1693272682701	Marionette	INFO	Stopped listening on port 62521
Dynamically enable window occlusion 1
[Parent 12180, IPC I/O Parent] WARNING: DuplicateHandle failed for handle 0 in TransferHandles: file /builds/worker/checkouts/gecko/ipc/chromium/src/chrome/common/ipc_channel_win.cc:621
[GPU 5272, IPC I/O Child] WARNING: pipe error: 232: file /builds/worker/checkouts/gecko/ipc/chromium/src/chrome/common/ipc_channel_win.cc:443
[Parent 12180, IPC I/O Parent] WARNING: DuplicateHandle failed for handle 0 in TransferHandles: file /builds/worker/checkouts/gecko/ipc/chromium/src/chrome/common/ipc_channel_win.cc:621
[GPU 5272, IPC I/O Child] WARNING: pipe error: 232: file /builds/worker/checkouts/gecko/ipc/chromium/src/chrome/common/ipc_channel_win.cc:443
JavaScript error: http://alchemy.hguy.co:8080/orangehrm/symfony/web/webres_5d69118beeec64.10301452/js/jquery/jquery-1.7.2.min.js line 2 > eval, line 10: ReferenceError: visualizePieChart is not defined
[Parent 12180, IPC I/O Parent] WARNING: DuplicateHandle failed for handle 0 in TransferHandles: file /builds/worker/checkouts/gecko/ipc/chromium/src/chrome/common/ipc_channel_win.cc:621
[GPU 5272, IPC I/O Child] WARNING: pipe error: 232: file /builds/worker/checkouts/gecko/ipc/chromium/src/chrome/common/ipc_channel_win.cc:443
[Parent 12180, IPC I/O Parent] WARNING: DuplicateHandle failed for handle 0 in TransferHandles: file /builds/worker/checkouts/gecko/ipc/chromium/src/chrome/common/ipc_channel_win.cc:621
[GPU 5272, IPC I/O Child] WARNING: pipe error: 232: file /builds/worker/checkouts/gecko/ipc/chromium/src/chrome/common/ipc_channel_win.cc:443
1693272710967	geckodriver	INFO	Listening on 127.0.0.1:64617
1693272714036	mozrunner::runner	INFO	Running command: "C:\\Program Files\\Mozilla Firefox\\firefox.exe" "--marionette" "--remote-debugging-port" "64618" "--remote-allow-hosts" "localhost" "-no-remote" "-profile" "C:\\Users\\000BAW~1\\AppData\\Local\\Temp\\rust_mozprofileVbb1Ax"
console.error: Enterprise Policies: 
  Unknown policy: FlashPlugin
console.warn: services.settings: Ignoring preference override of remote settings server
console.warn: services.settings: Allow by setting MOZ_REMOTE_SETTINGS_DEVTOOLS=1 in the environment
1693272714464	Marionette	INFO	Marionette enabled
Dynamically enable window occlusion 0
1693272714581	Marionette	INFO	Listening on port 64626
WebDriver BiDi listening on ws://127.0.0.1:64618
Read port: 64626
1693272714784	RemoteAgent	WARN	TLS certificate errors will be ignored for this session
DevTools listening on ws://127.0.0.1:64618/devtools/browser/67e7fb17-cda6-4cd5-8c9f-16f0a39ad246
console.warn: LoginRecipes: "Falling back to a synchronous message for: http://alchemy.hguy.co:8080."
console.warn: LoginRecipes: "Falling back to a synchronous message for: http://alchemy.hguy.co:8080."
1693272718706	Marionette	INFO	Stopped listening on port 64626
Dynamically enable window occlusion 1
[Parent 14932, IPC I/O Parent] WARNING: DuplicateHandle failed for handle 0 in TransferHandles: file /builds/worker/checkouts/gecko/ipc/chromium/src/chrome/common/ipc_channel_win.cc:621
[GPU 22540, IPC I/O Child] WARNING: pipe error: 232: file /builds/worker/checkouts/gecko/ipc/chromium/src/chrome/common/ipc_channel_win.cc:443
[Parent 14932, IPC I/O Parent] WARNING: DuplicateHandle failed for handle 0 in TransferHandles: file /builds/worker/checkouts/gecko/ipc/chromium/src/chrome/common/ipc_channel_win.cc:621
[GPU 22540, IPC I/O Child] WARNING: pipe error: 232: file /builds/worker/checkouts/gecko/ipc/chromium/src/chrome/common/ipc_channel_win.cc:443
[Parent 14932, IPC I/O Parent] WARNING: DuplicateHandle failed for handle 0 in TransferHandles: file /builds/worker/checkouts/gecko/ipc/chromium/src/chrome/common/ipc_channel_win.cc:621
[GPU 22540, IPC I/O Child] WARNING: pipe error: 232: file /builds/worker/checkouts/gecko/ipc/chromium/src/chrome/common/ipc_channel_win.cc:443
[Parent 14932, IPC I/O Parent] WARNING: DuplicateHandle failed for handle 0 in TransferHandles: file /builds/worker/checkouts/gecko/ipc/chromium/src/chrome/common/ipc_channel_win.cc:621
[GPU 22540, IPC I/O Child] WARNING: pipe error: 232: file /builds/worker/checkouts/gecko/ipc/chromium/src/chrome/common/ipc_channel_win.cc:443
JavaScript error: http://alchemy.hguy.co:8080/orangehrm/symfony/web/webres_5d69118beeec64.10301452/js/jquery/jquery-1.7.2.min.js line 2 > eval, line 10: ReferenceError: visualizePieChart is not defined
[Parent 14932, IPC I/O Parent] WARNING: DuplicateHandle failed for handle 0 in TransferHandles: file /builds/worker/checkouts/gecko/ipc/chromium/src/chrome/common/ipc_channel_win.cc:621
[GPU 22540, IPC I/O Child] WARNING: pipe error: 232: file /builds/worker/checkouts/gecko/ipc/chromium/src/chrome/common/ipc_channel_win.cc:443
1693272793099	geckodriver	INFO	Listening on 127.0.0.1:64671
1693272796175	mozrunner::runner	INFO	Running command: "C:\\Program Files\\Mozilla Firefox\\firefox.exe" "--marionette" "--remote-debugging-port" "64672" "--remote-allow-hosts" "localhost" "-no-remote" "-profile" "C:\\Users\\000BAW~1\\AppData\\Local\\Temp\\rust_mozprofileFIql9J"
console.error: Enterprise Policies: 
  Unknown policy: FlashPlugin
console.warn: services.settings: Ignoring preference override of remote settings server
console.warn: services.settings: Allow by setting MOZ_REMOTE_SETTINGS_DEVTOOLS=1 in the environment
1693272796585	Marionette	INFO	Marionette enabled
Dynamically enable window occlusion 0
1693272796711	Marionette	INFO	Listening on port 64679
WebDriver BiDi listening on ws://127.0.0.1:64672
Read port: 64679
1693272796954	RemoteAgent	WARN	TLS certificate errors will be ignored for this session
DevTools listening on ws://127.0.0.1:64672/devtools/browser/e16fd574-6f17-42de-b3ef-71aa09a796d5
console.warn: LoginRecipes: "Falling back to a synchronous message for: http://alchemy.hguy.co:8080."
console.warn: LoginRecipes: "Falling back to a synchronous message for: http://alchemy.hguy.co:8080."
1693272800470	Marionette	INFO	Stopped listening on port 64679
Dynamically enable window occlusion 1
[Parent 23192, IPC I/O Parent] WARNING: DuplicateHandle failed for handle 0 in TransferHandles: file /builds/worker/checkouts/gecko/ipc/chromium/src/chrome/common/ipc_channel_win.cc:621
[GPU 3684, IPC I/O Child] WARNING: pipe error: 232: file /builds/worker/checkouts/gecko/ipc/chromium/src/chrome/common/ipc_channel_win.cc:443
[Parent 23192, IPC I/O Parent] WARNING: DuplicateHandle failed for handle 0 in TransferHandles: file /builds/worker/checkouts/gecko/ipc/chromium/src/chrome/common/ipc_channel_win.cc:621
[GPU 3684, IPC I/O Child] WARNING: pipe error: 232: file /builds/worker/checkouts/gecko/ipc/chromium/src/chrome/common/ipc_channel_win.cc:443
JavaScript error: http://alchemy.hguy.co:8080/orangehrm/symfony/web/webres_5d69118beeec64.10301452/js/jquery/jquery-1.7.2.min.js line 2 > eval, line 10: ReferenceError: visualizePieChart is not defined
[Parent 23192, IPC I/O Parent] WARNING: DuplicateHandle failed for handle 0 in TransferHandles: file /builds/worker/checkouts/gecko/ipc/chromium/src/chrome/common/ipc_channel_win.cc:621
[GPU 3684, IPC I/O Child] WARNING: pipe error: 232: file /builds/worker/checkouts/gecko/ipc/chromium/src/chrome/common/ipc_channel_win.cc:443
[Parent 23192, IPC I/O Parent] WARNING: DuplicateHandle failed for handle 0 in TransferHandles: file /builds/worker/checkouts/gecko/ipc/chromium/src/chrome/common/ipc_channel_win.cc:621
[GPU 3684, IPC I/O Child] WARNING: pipe error: 232: file /builds/worker/checkouts/gecko/ipc/chromium/src/chrome/common/ipc_channel_win.cc:443
1693273033608	geckodriver	INFO	Listening on 127.0.0.1:54219
1693273036707	mozrunner::runner	INFO	Running command: "C:\\Program Files\\Mozilla Firefox\\firefox.exe" "--marionette" "--remote-debugging-port" "54220" "--remote-allow-hosts" "localhost" "-no-remote" "-profile" "C:\\Users\\000BAW~1\\AppData\\Local\\Temp\\rust_mozprofile1WYsi0"
console.error: Enterprise Policies: 
  Unknown policy: FlashPlugin
console.warn: services.settings: Ignoring preference override of remote settings server
console.warn: services.settings: Allow by setting MOZ_REMOTE_SETTINGS_DEVTOOLS=1 in the environment
1693273037170	Marionette	INFO	Marionette enabled
Dynamically enable window occlusion 0
1693273037310	Marionette	INFO	Listening on port 54228
WebDriver BiDi listening on ws://127.0.0.1:54220
Read port: 54228
1693273037582	RemoteAgent	WARN	TLS certificate errors will be ignored for this session
DevTools listening on ws://127.0.0.1:54220/devtools/browser/04a543c5-26c0-42a5-a95c-a3d5193e72c8
console.warn: LoginRecipes: "Falling back to a synchronous message for: http://alchemy.hguy.co:8080."
console.warn: LoginRecipes: "Falling back to a synchronous message for: http://alchemy.hguy.co:8080."
1693273040701	Marionette	INFO	Stopped listening on port 54228
Dynamically enable window occlusion 1
[Parent 17496, IPC I/O Parent] WARNING: DuplicateHandle failed for handle 0 in TransferHandles: file /builds/worker/checkouts/gecko/ipc/chromium/src/chrome/common/ipc_channel_win.cc:621
[GPU 20488, IPC I/O Child] WARNING: pipe error: 232: file /builds/worker/checkouts/gecko/ipc/chromium/src/chrome/common/ipc_channel_win.cc:443
[Parent 17496, IPC I/O Parent] WARNING: DuplicateHandle failed for handle 0 in TransferHandles: file /builds/worker/checkouts/gecko/ipc/chromium/src/chrome/common/ipc_channel_win.cc:621
[GPU 20488, IPC I/O Child] WARNING: pipe error: 232: file /builds/worker/checkouts/gecko/ipc/chromium/src/chrome/common/ipc_channel_win.cc:443
[Parent 17496, IPC I/O Parent] WARNING: DuplicateHandle failed for handle 0 in TransferHandles: file /builds/worker/checkouts/gecko/ipc/chromium/src/chrome/common/ipc_channel_win.cc:621
[GPU 20488, IPC I/O Child] WARNING: pipe error: 232: file /builds/worker/checkouts/gecko/ipc/chromium/src/chrome/common/ipc_channel_win.cc:443
JavaScript error: http://alchemy.hguy.co:8080/orangehrm/symfony/web/webres_5d69118beeec64.10301452/js/jquery/jquery-1.7.2.min.js line 2 > eval, line 10: ReferenceError: visualizePieChart is not defined
[Parent 17496, IPC I/O Parent] WARNING: DuplicateHandle failed for handle 0 in TransferHandles: file /builds/worker/checkouts/gecko/ipc/chromium/src/chrome/common/ipc_channel_win.cc:621
[GPU 20488, IPC I/O Child] WARNING: pipe error: 232: file /builds/worker/checkouts/gecko/ipc/chromium/src/chrome/common/ipc_channel_win.cc:443
1693273126061	geckodriver	INFO	Listening on 127.0.0.1:57608
1693273129146	mozrunner::runner	INFO	Running command: "C:\\Program Files\\Mozilla Firefox\\firefox.exe" "--marionette" "--remote-debugging-port" "57609" "--remote-allow-hosts" "localhost" "-no-remote" "-profile" "C:\\Users\\000BAW~1\\AppData\\Local\\Temp\\rust_mozprofilexFJjhM"
console.error: Enterprise Policies: 
  Unknown policy: FlashPlugin
console.warn: services.settings: Ignoring preference override of remote settings server
console.warn: services.settings: Allow by setting MOZ_REMOTE_SETTINGS_DEVTOOLS=1 in the environment
1693273129612	Marionette	INFO	Marionette enabled
Dynamically enable window occlusion 0
1693273129726	Marionette	INFO	Listening on port 57616
WebDriver BiDi listening on ws://127.0.0.1:57609
Read port: 57616
1693273130024	RemoteAgent	WARN	TLS certificate errors will be ignored for this session
DevTools listening on ws://127.0.0.1:57609/devtools/browser/739201f4-90e0-4bc2-ad24-995686d75b0b
1693273133001	Marionette	INFO	Stopped listening on port 57616
Dynamically enable window occlusion 1
[Parent 26444, IPC I/O Parent] WARNING: DuplicateHandle failed for handle 0 in TransferHandles: file /builds/worker/checkouts/gecko/ipc/chromium/src/chrome/common/ipc_channel_win.cc:621
[GPU 8080, IPC I/O Child] WARNING: pipe error: 232: file /builds/worker/checkouts/gecko/ipc/chromium/src/chrome/common/ipc_channel_win.cc:443
[Parent 26444, IPC I/O Parent] WARNING: DuplicateHandle failed for handle 0 in TransferHandles: file /builds/worker/checkouts/gecko/ipc/chromium/src/chrome/common/ipc_channel_win.cc:621
[GPU 8080, IPC I/O Child] WARNING: pipe error: 232: file /builds/worker/checkouts/gecko/ipc/chromium/src/chrome/common/ipc_channel_win.cc:443
[Parent 26444, IPC I/O Parent] WARNING: DuplicateHandle failed for handle 0 in TransferHandles: file /builds/worker/checkouts/gecko/ipc/chromium/src/chrome/common/ipc_channel_win.cc:621
[GPU 8080, IPC I/O Child] WARNING: pipe error: 232: file /builds/worker/checkouts/gecko/ipc/chromium/src/chrome/common/ipc_channel_win.cc:443
[Parent 26444, IPC I/O Parent] WARNING: DuplicateHandle failed for handle 0 in TransferHandles: file /builds/worker/checkouts/gecko/ipc/chromium/src/chrome/common/ipc_channel_win.cc:621
[GPU 8080, IPC I/O Child] WARNING: pipe error: 232: file /builds/worker/checkouts/gecko/ipc/chromium/src/chrome/common/ipc_channel_win.cc:443
[Parent 26444, IPC I/O Parent] WARNING: DuplicateHandle failed for handle 0 in TransferHandles: file /builds/worker/checkouts/gecko/ipc/chromium/src/chrome/common/ipc_channel_win.cc:621
[GPU 8080, IPC I/O Child] WARNING: pipe error: 232: file /builds/worker/checkouts/gecko/ipc/chromium/src/chrome/common/ipc_channel_win.cc:443
1693273266516	geckodriver	INFO	Listening on 127.0.0.1:57666
1693273269621	mozrunner::runner	INFO	Running command: "C:\\Program Files\\Mozilla Firefox\\firefox.exe" "--marionette" "--remote-debugging-port" "57667" "--remote-allow-hosts" "localhost" "-no-remote" "-profile" "C:\\Users\\000BAW~1\\AppData\\Local\\Temp\\rust_mozprofileDleBrO"
console.error: Enterprise Policies: 
  Unknown policy: FlashPlugin
console.warn: services.settings: Ignoring preference override of remote settings server
console.warn: services.settings: Allow by setting MOZ_REMOTE_SETTINGS_DEVTOOLS=1 in the environment
1693273270127	Marionette	INFO	Marionette enabled
Dynamically enable window occlusion 0
1693273270236	Marionette	INFO	Listening on port 57674
WebDriver BiDi listening on ws://127.0.0.1:57667
Read port: 57674
1693273270533	RemoteAgent	WARN	TLS certificate errors will be ignored for this session
DevTools listening on ws://127.0.0.1:57667/devtools/browser/0976fb19-3b84-4b6c-b4ec-5057dfc443bb
1693273273206	Marionette	INFO	Stopped listening on port 57674
Dynamically enable window occlusion 1
[Parent 20056, IPC I/O Parent] WARNING: DuplicateHandle failed for handle 0 in TransferHandles: file /builds/worker/checkouts/gecko/ipc/chromium/src/chrome/common/ipc_channel_win.cc:621
[GPU 26264, IPC I/O Child] WARNING: pipe error: 232: file /builds/worker/checkouts/gecko/ipc/chromium/src/chrome/common/ipc_channel_win.cc:443
[Parent 20056, IPC I/O Parent] WARNING: DuplicateHandle failed for handle 0 in TransferHandles: file /builds/worker/checkouts/gecko/ipc/chromium/src/chrome/common/ipc_channel_win.cc:621
[GPU 26264, IPC I/O Child] WARNING: pipe error: 232: file /builds/worker/checkouts/gecko/ipc/chromium/src/chrome/common/ipc_channel_win.cc:443
[Parent 20056, IPC I/O Parent] WARNING: DuplicateHandle failed for handle 0 in TransferHandles: file /builds/worker/checkouts/gecko/ipc/chromium/src/chrome/common/ipc_channel_win.cc:621
[GPU 26264, IPC I/O Child] WARNING: pipe error: 232: file /builds/worker/checkouts/gecko/ipc/chromium/src/chrome/common/ipc_channel_win.cc:443
[Parent 20056, IPC I/O Parent] WARNING: DuplicateHandle failed for handle 0 in TransferHandles: file /builds/worker/checkouts/gecko/ipc/chromium/src/chrome/common/ipc_channel_win.cc:621
[GPU 26264, IPC I/O Child] WARNING: pipe error: 232: file /builds/worker/checkouts/gecko/ipc/chromium/src/chrome/common/ipc_channel_win.cc:443
[Parent 20056, IPC I/O Parent] WARNING: DuplicateHandle failed for handle 0 in TransferHandles: file /builds/worker/checkouts/gecko/ipc/chromium/src/chrome/common/ipc_channel_win.cc:621
[GPU 26264, IPC I/O Child] WARNING: pipe error: 232: file /builds/worker/checkouts/gecko/ipc/chromium/src/chrome/common/ipc_channel_win.cc:443
1693273308743	geckodriver	INFO	Listening on 127.0.0.1:57709
1693273311823	mozrunner::runner	INFO	Running command: "C:\\Program Files\\Mozilla Firefox\\firefox.exe" "--marionette" "--remote-debugging-port" "57710" "--remote-allow-hosts" "localhost" "-no-remote" "-profile" "C:\\Users\\000BAW~1\\AppData\\Local\\Temp\\rust_mozprofile6Bd3yc"
console.error: Enterprise Policies: 
  Unknown policy: FlashPlugin
console.warn: services.settings: Ignoring preference override of remote settings server
console.warn: services.settings: Allow by setting MOZ_REMOTE_SETTINGS_DEVTOOLS=1 in the environment
1693273312305	Marionette	INFO	Marionette enabled
Dynamically enable window occlusion 0
1693273312449	Marionette	INFO	Listening on port 57717
WebDriver BiDi listening on ws://127.0.0.1:57710
Read port: 57717
1693273312756	RemoteAgent	WARN	TLS certificate errors will be ignored for this session
DevTools listening on ws://127.0.0.1:57710/devtools/browser/864aac24-8374-40b2-b8a3-8d23337a9347
1693273315926	Marionette	INFO	Stopped listening on port 57717
Dynamically enable window occlusion 1
[Parent 6488, IPC I/O Parent] WARNING: DuplicateHandle failed for handle 0 in TransferHandles: file /builds/worker/checkouts/gecko/ipc/chromium/src/chrome/common/ipc_channel_win.cc:621
[GPU 2552, IPC I/O Child] WARNING: pipe error: 232: file /builds/worker/checkouts/gecko/ipc/chromium/src/chrome/common/ipc_channel_win.cc:443
[Parent 6488, IPC I/O Parent] WARNING: DuplicateHandle failed for handle 0 in TransferHandles: file /builds/worker/checkouts/gecko/ipc/chromium/src/chrome/common/ipc_channel_win.cc:621
[GPU 2552, IPC I/O Child] WARNING: pipe error: 232: file /builds/worker/checkouts/gecko/ipc/chromium/src/chrome/common/ipc_channel_win.cc:443
[Parent 6488, IPC I/O Parent] WARNING: DuplicateHandle failed for handle 0 in TransferHandles: file /builds/worker/checkouts/gecko/ipc/chromium/src/chrome/common/ipc_channel_win.cc:621
[GPU 2552, IPC I/O Child] WARNING: pipe error: 232: file /builds/worker/checkouts/gecko/ipc/chromium/src/chrome/common/ipc_channel_win.cc:443
[Parent 6488, IPC I/O Parent] WARNING: DuplicateHandle failed for handle 0 in TransferHandles: file /builds/worker/checkouts/gecko/ipc/chromium/src/chrome/common/ipc_channel_win.cc:621
[GPU 2552, IPC I/O Child] WARNING: pipe error: 232: file /builds/worker/checkouts/gecko/ipc/chromium/src/chrome/common/ipc_channel_win.cc:443
[Parent 6488, IPC I/O Parent] WARNING: DuplicateHandle failed for handle 0 in TransferHandles: file /builds/worker/checkouts/gecko/ipc/chromium/src/chrome/common/ipc_channel_win.cc:621
[GPU 2552, IPC I/O Child] WARNING: pipe error: 232: file /builds/worker/checkouts/gecko/ipc/chromium/src/chrome/common/ipc_channel_win.cc:443
1693273331993	geckodriver	INFO	Listening on 127.0.0.1:52377
1693273335044	mozrunner::runner	INFO	Running command: "C:\\Program Files\\Mozilla Firefox\\firefox.exe" "--marionette" "--remote-debugging-port" "52378" "--remote-allow-hosts" "localhost" "-no-remote" "-profile" "C:\\Users\\000BAW~1\\AppData\\Local\\Temp\\rust_mozprofileMxzhz9"
console.error: Enterprise Policies: 
  Unknown policy: FlashPlugin
console.warn: services.settings: Ignoring preference override of remote settings server
console.warn: services.settings: Allow by setting MOZ_REMOTE_SETTINGS_DEVTOOLS=1 in the environment
1693273335443	Marionette	INFO	Marionette enabled
Dynamically enable window occlusion 0
1693273335576	Marionette	INFO	Listening on port 52385
WebDriver BiDi listening on ws://127.0.0.1:52378
Read port: 52385
1693273335859	RemoteAgent	WARN	TLS certificate errors will be ignored for this session
DevTools listening on ws://127.0.0.1:52378/devtools/browser/6f01e350-4024-4346-bf79-2712876e0b4a
console.warn: LoginRecipes: "Falling back to a synchronous message for: http://alchemy.hguy.co:8080."
console.warn: LoginRecipes: "Falling back to a synchronous message for: http://alchemy.hguy.co:8080."
1693273339434	Marionette	INFO	Stopped listening on port 52385
Dynamically enable window occlusion 1
[Parent 23304, IPC I/O Parent] WARNING: DuplicateHandle failed for handle 0 in TransferHandles: file /builds/worker/checkouts/gecko/ipc/chromium/src/chrome/common/ipc_channel_win.cc:621
[GPU 2180, IPC I/O Child] WARNING: pipe error: 232: file /builds/worker/checkouts/gecko/ipc/chromium/src/chrome/common/ipc_channel_win.cc:443
[Parent 23304, IPC I/O Parent] WARNING: DuplicateHandle failed for handle 0 in TransferHandles: file /builds/worker/checkouts/gecko/ipc/chromium/src/chrome/common/ipc_channel_win.cc:621
[GPU 2180, IPC I/O Child] WARNING: pipe error: 232: file /builds/worker/checkouts/gecko/ipc/chromium/src/chrome/common/ipc_channel_win.cc:443
JavaScript error: http://alchemy.hguy.co:8080/orangehrm/symfony/web/webres_5d69118beeec64.10301452/js/jquery/jquery-1.7.2.min.js line 2 > eval, line 10: ReferenceError: visualizePieChart is not defined
[Parent 23304, IPC I/O Parent] WARNING: DuplicateHandle failed for handle 0 in TransferHandles: file /builds/worker/checkouts/gecko/ipc/chromium/src/chrome/common/ipc_channel_win.cc:621
[GPU 2180, IPC I/O Child] WARNING: pipe error: 232: file /builds/worker/checkouts/gecko/ipc/chromium/src/chrome/common/ipc_channel_win.cc:443
[Parent 23304, IPC I/O Parent] WARNING: DuplicateHandle failed for handle 0 in TransferHandles: file /builds/worker/checkouts/gecko/ipc/chromium/src/chrome/common/ipc_channel_win.cc:621
[GPU 2180, IPC I/O Child] WARNING: pipe error: 232: file /builds/worker/checkouts/gecko/ipc/chromium/src/chrome/common/ipc_channel_win.cc:443
1693273835149	geckodriver	INFO	Listening on 127.0.0.1:52493
1693273838160	mozrunner::runner	INFO	Running command: "C:\\Program Files\\Mozilla Firefox\\firefox.exe" "--marionette" "--remote-debugging-port" "52494" "--remote-allow-hosts" "localhost" "-no-remote" "-profile" "C:\\Users\\000BAW~1\\AppData\\Local\\Temp\\rust_mozprofilev4tx8l"
console.error: Enterprise Policies: 
  Unknown policy: FlashPlugin
console.warn: services.settings: Ignoring preference override of remote settings server
console.warn: services.settings: Allow by setting MOZ_REMOTE_SETTINGS_DEVTOOLS=1 in the environment
1693273838575	Marionette	INFO	Marionette enabled
Dynamically enable window occlusion 0
1693273838692	Marionette	INFO	Listening on port 52501
WebDriver BiDi listening on ws://127.0.0.1:52494
Read port: 52501
1693273838986	RemoteAgent	WARN	TLS certificate errors will be ignored for this session
DevTools listening on ws://127.0.0.1:52494/devtools/browser/af5a895e-8a2a-4365-8f63-2eaeb7e856d6
console.warn: LoginRecipes: "Falling back to a synchronous message for: http://alchemy.hguy.co:8080."
console.warn: LoginRecipes: "Falling back to a synchronous message for: http://alchemy.hguy.co:8080."
1693273843631	Marionette	WARN	TimedPromise timed out after 500 ms: stacktrace:
TimedPromise/<@chrome://remote/content/marionette/sync.sys.mjs:221:24
TimedPromise@chrome://remote/content/marionette/sync.sys.mjs:205:10
interaction.flushEventLoop@chrome://remote/content/marionette/interaction.sys.mjs:431:10
webdriverClickElement@chrome://remote/content/marionette/interaction.sys.mjs:180:31
send@http://alchemy.hguy.co:8080/orangehrm/symfony/web/webres_5d69118beeec64.10301452/js/jquery/jquery-1.7.2.min.js:4:17879
ajax@http://alchemy.hguy.co:8080/orangehrm/symfony/web/webres_5d69118beeec64.10301452/js/jquery/jquery-1.7.2.min.js:4:15044
domManip/<@http://alchemy.hguy.co:8080/orangehrm/symfony/web/webres_5d69118beeec64.10301452/js/jquery/jquery-1.7.2.min.js:4:2470
each@http://alchemy.hguy.co:8080/orangehrm/symfony/web/webres_5d69118beeec64.10301452/js/jquery/jquery-1.7.2.min.js:2:11776
domManip@http://alchemy.hguy.co:8080/orangehrm/symfony/web/webres_5d69118beeec64.10301452/js/jquery/jquery-1.7.2.min.js:4:2441
append@http://alchemy.hguy.co:8080/orangehrm/symfony/web/webres_5d69118beeec64.10301452/js/jquery/jquery-1.7.2.min.js:3:32408
html/<@http://alchemy.hguy.co:8080/orangehrm/symfony/web/webres_5d69118beeec64.10301452/js/jquery/jquery-1.7.2.min.js:4:1283
access@http://alchemy.hguy.co:8080/orangehrm/symfony/web/webres_5d69118beeec64.10301452/js/jquery/jquery-1.7.2.min.js:2:13266
html@http://alchemy.hguy.co:8080/orangehrm/symfony/web/webres_5d69118beeec64.10301452/js/jquery/jquery-1.7.2.min.js:4:876
success@http://alchemy.hguy.co:8080/orangehrm/symfony/web/index.php/dashboard:983:36
o@http://alchemy.hguy.co:8080/orangehrm/symfony/web/webres_5d69118beeec64.10301452/js/jquery/jquery-1.7.2.min.js:2:14733
fireWith@http://alchemy.hguy.co:8080/orangehrm/symfony/web/webres_5d69118beeec64.10301452/js/jquery/jquery-1.7.2.min.js:2:15502
w@http://alchemy.hguy.co:8080/orangehrm/symfony/web/webres_5d69118beeec64.10301452/js/jquery/jquery-1.7.2.min.js:4:12472
d@http://alchemy.hguy.co:8080/orangehrm/symfony/web/webres_5d69118beeec64.10301452/js/jquery/jquery-1.7.2.min.js:4:18318
1693273843839	Marionette	INFO	Stopped listening on port 52501
Dynamically enable window occlusion 1
[Parent 20460, IPC I/O Parent] WARNING: DuplicateHandle failed for handle 0 in TransferHandles: file /builds/worker/checkouts/gecko/ipc/chromium/src/chrome/common/ipc_channel_win.cc:621
[GPU 17352, IPC I/O Child] WARNING: pipe error: 232: file /builds/worker/checkouts/gecko/ipc/chromium/src/chrome/common/ipc_channel_win.cc:443
[Parent 20460, IPC I/O Parent] WARNING: DuplicateHandle failed for handle 0 in TransferHandles: file /builds/worker/checkouts/gecko/ipc/chromium/src/chrome/common/ipc_channel_win.cc:621
[GPU 17352, IPC I/O Child] WARNING: pipe error: 232: file /builds/worker/checkouts/gecko/ipc/chromium/src/chrome/common/ipc_channel_win.cc:443
[Parent 20460, IPC I/O Parent] WARNING: DuplicateHandle failed for handle 0 in TransferHandles: file /builds/worker/checkouts/gecko/ipc/chromium/src/chrome/common/ipc_channel_win.cc:621
[GPU 17352, IPC I/O Child] WARNING: pipe error: 232: file /builds/worker/checkouts/gecko/ipc/chromium/src/chrome/common/ipc_channel_win.cc:443
[Parent 20460, IPC I/O Parent] WARNING: DuplicateHandle failed for handle 0 in TransferHandles: file /builds/worker/checkouts/gecko/ipc/chromium/src/chrome/common/ipc_channel_win.cc:621
[GPU 17352, IPC I/O Child] WARNING: pipe error: 232: file /builds/worker/checkouts/gecko/ipc/chromium/src/chrome/common/ipc_channel_win.cc:443
[Parent 20460, IPC I/O Parent] WARNING: DuplicateHandle failed for handle 0 in TransferHandles: file /builds/worker/checkouts/gecko/ipc/chromium/src/chrome/common/ipc_channel_win.cc:621
[GPU 17352, IPC I/O Child] WARNING: pipe error: 232: file /builds/worker/checkouts/gecko/ipc/chromium/src/chrome/common/ipc_channel_win.cc:443
[Parent 20460, IPC I/O Parent] WARNING: DuplicateHandle failed for handle 0 in TransferHandles: file /builds/worker/checkouts/gecko/ipc/chromium/src/chrome/common/ipc_channel_win.cc:621
[GPU 17352, IPC I/O Child] WARNING: pipe error: 232: file /builds/worker/checkouts/gecko/ipc/chromium/src/chrome/common/ipc_channel_win.cc:443
1693274337712	geckodriver	INFO	Listening on 127.0.0.1:61776
1693274340810	mozrunner::runner	INFO	Running command: "C:\\Program Files\\Mozilla Firefox\\firefox.exe" "--marionette" "--remote-debugging-port" "61777" "--remote-allow-hosts" "localhost" "-no-remote" "-profile" "C:\\Users\\000BAW~1\\AppData\\Local\\Temp\\rust_mozprofileEL9lok"
console.error: Enterprise Policies: 
  Unknown policy: FlashPlugin
console.warn: services.settings: Ignoring preference override of remote settings server
console.warn: services.settings: Allow by setting MOZ_REMOTE_SETTINGS_DEVTOOLS=1 in the environment
1693274341363	Marionette	INFO	Marionette enabled
Dynamically enable window occlusion 0
1693274341548	Marionette	INFO	Listening on port 61784
WebDriver BiDi listening on ws://127.0.0.1:61777
Read port: 61784
1693274341803	RemoteAgent	WARN	TLS certificate errors will be ignored for this session
DevTools listening on ws://127.0.0.1:61777/devtools/browser/3998cd32-1a85-4191-82f0-670e040ccbed
console.warn: LoginRecipes: "Falling back to a synchronous message for: http://alchemy.hguy.co:8080."
console.warn: LoginRecipes: "Falling back to a synchronous message for: http://alchemy.hguy.co:8080."
1693274346132	Marionette	INFO	Stopped listening on port 61784
Dynamically enable window occlusion 1
[Parent 25428, IPC I/O Parent] WARNING: DuplicateHandle failed for handle 0 in TransferHandles: file /builds/worker/checkouts/gecko/ipc/chromium/src/chrome/common/ipc_channel_win.cc:621
[GPU 23484, IPC I/O Child] WARNING: pipe error: 232: file /builds/worker/checkouts/gecko/ipc/chromium/src/chrome/common/ipc_channel_win.cc:443
[Parent 25428, IPC I/O Parent] WARNING: DuplicateHandle failed for handle 0 in TransferHandles: file /builds/worker/checkouts/gecko/ipc/chromium/src/chrome/common/ipc_channel_win.cc:621
[GPU 23484, IPC I/O Child] WARNING: pipe error: 232: file /builds/worker/checkouts/gecko/ipc/chromium/src/chrome/common/ipc_channel_win.cc:443
[Parent 25428, IPC I/O Parent] WARNING: DuplicateHandle failed for handle 0 in TransferHandles: file /builds/worker/checkouts/gecko/ipc/chromium/src/chrome/common/ipc_channel_win.cc:621
[GPU 23484, IPC I/O Child] WARNING: pipe error: 232: file /builds/worker/checkouts/gecko/ipc/chromium/src/chrome/common/ipc_channel_win.cc:443
[Parent 25428, IPC I/O Parent] WARNING: DuplicateHandle failed for handle 0 in TransferHandles: file /builds/worker/checkouts/gecko/ipc/chromium/src/chrome/common/ipc_channel_win.cc:621
[GPU 23484, IPC I/O Child] WARNING: pipe error: 232: file /builds/worker/checkouts/gecko/ipc/chromium/src/chrome/common/ipc_channel_win.cc:443
[Parent 25428, IPC I/O Parent] WARNING: DuplicateHandle failed for handle 0 in TransferHandles: file /builds/worker/checkouts/gecko/ipc/chromium/src/chrome/common/ipc_channel_win.cc:621
[GPU 23484, IPC I/O Child] WARNING: pipe error: 232: file /builds/worker/checkouts/gecko/ipc/chromium/src/chrome/common/ipc_channel_win.cc:443
1693274454535	geckodriver	INFO	Listening on 127.0.0.1:54956
1693274457584	mozrunner::runner	INFO	Running command: "C:\\Program Files\\Mozilla Firefox\\firefox.exe" "--marionette" "--remote-debugging-port" "54957" "--remote-allow-hosts" "localhost" "-no-remote" "-profile" "C:\\Users\\000BAW~1\\AppData\\Local\\Temp\\rust_mozprofiler0RhAa"
console.error: Enterprise Policies: 
  Unknown policy: FlashPlugin
console.warn: services.settings: Ignoring preference override of remote settings server
console.warn: services.settings: Allow by setting MOZ_REMOTE_SETTINGS_DEVTOOLS=1 in the environment
1693274458106	Marionette	INFO	Marionette enabled
Dynamically enable window occlusion 0
1693274458232	Marionette	INFO	Listening on port 54965
Read port: 
1693274458242	geckodriver::browser	WARN	Failed fo convert  to u16
WebDriver BiDi listening on ws://127.0.0.1:54957
Read port: 54965
1693274458543	RemoteAgent	WARN	TLS certificate errors will be ignored for this session
DevTools listening on ws://127.0.0.1:54957/devtools/browser/769ecc60-229c-4b6b-acd4-30f54fc5868a
console.warn: LoginRecipes: "Falling back to a synchronous message for: http://alchemy.hguy.co:8080."
console.warn: LoginRecipes: "Falling back to a synchronous message for: http://alchemy.hguy.co:8080."
1693274462752	Marionette	WARN	TimedPromise timed out after 500 ms: stacktrace:
TimedPromise/<@chrome://remote/content/marionette/sync.sys.mjs:221:24
TimedPromise@chrome://remote/content/marionette/sync.sys.mjs:205:10
interaction.flushEventLoop@chrome://remote/content/marionette/interaction.sys.mjs:431:10
webdriverClickElement@chrome://remote/content/marionette/interaction.sys.mjs:180:31
send@http://alchemy.hguy.co:8080/orangehrm/symfony/web/webres_5d69118beeec64.10301452/js/jquery/jquery-1.7.2.min.js:4:17879
ajax@http://alchemy.hguy.co:8080/orangehrm/symfony/web/webres_5d69118beeec64.10301452/js/jquery/jquery-1.7.2.min.js:4:15044
domManip/<@http://alchemy.hguy.co:8080/orangehrm/symfony/web/webres_5d69118beeec64.10301452/js/jquery/jquery-1.7.2.min.js:4:2470
each@http://alchemy.hguy.co:8080/orangehrm/symfony/web/webres_5d69118beeec64.10301452/js/jquery/jquery-1.7.2.min.js:2:11776
domManip@http://alchemy.hguy.co:8080/orangehrm/symfony/web/webres_5d69118beeec64.10301452/js/jquery/jquery-1.7.2.min.js:4:2441
append@http://alchemy.hguy.co:8080/orangehrm/symfony/web/webres_5d69118beeec64.10301452/js/jquery/jquery-1.7.2.min.js:3:32408
html/<@http://alchemy.hguy.co:8080/orangehrm/symfony/web/webres_5d69118beeec64.10301452/js/jquery/jquery-1.7.2.min.js:4:1283
access@http://alchemy.hguy.co:8080/orangehrm/symfony/web/webres_5d69118beeec64.10301452/js/jquery/jquery-1.7.2.min.js:2:13266
html@http://alchemy.hguy.co:8080/orangehrm/symfony/web/webres_5d69118beeec64.10301452/js/jquery/jquery-1.7.2.min.js:4:876
success@http://alchemy.hguy.co:8080/orangehrm/symfony/web/index.php/dashboard:983:36
o@http://alchemy.hguy.co:8080/orangehrm/symfony/web/webres_5d69118beeec64.10301452/js/jquery/jquery-1.7.2.min.js:2:14733
fireWith@http://alchemy.hguy.co:8080/orangehrm/symfony/web/webres_5d69118beeec64.10301452/js/jquery/jquery-1.7.2.min.js:2:15502
w@http://alchemy.hguy.co:8080/orangehrm/symfony/web/webres_5d69118beeec64.10301452/js/jquery/jquery-1.7.2.min.js:4:12472
d@http://alchemy.hguy.co:8080/orangehrm/symfony/web/webres_5d69118beeec64.10301452/js/jquery/jquery-1.7.2.min.js:4:18318
1693274462967	Marionette	INFO	Stopped listening on port 54965
Dynamically enable window occlusion 1
[Parent 21496, IPC I/O Parent] WARNING: DuplicateHandle failed for handle 0 in TransferHandles: file /builds/worker/checkouts/gecko/ipc/chromium/src/chrome/common/ipc_channel_win.cc:621
[GPU 8616, IPC I/O Child] WARNING: pipe error: 232: file /builds/worker/checkouts/gecko/ipc/chromium/src/chrome/common/ipc_channel_win.cc:443
[Parent 21496, IPC I/O Parent] WARNING: DuplicateHandle failed for handle 0 in TransferHandles: file /builds/worker/checkouts/gecko/ipc/chromium/src/chrome/common/ipc_channel_win.cc:621
[GPU 8616, IPC I/O Child] WARNING: pipe error: 232: file /builds/worker/checkouts/gecko/ipc/chromium/src/chrome/common/ipc_channel_win.cc:443
[Parent 21496, IPC I/O Parent] WARNING: DuplicateHandle failed for handle 0 in TransferHandles: file /builds/worker/checkouts/gecko/ipc/chromium/src/chrome/common/ipc_channel_win.cc:621
[GPU 8616, IPC I/O Child] WARNING: pipe error: 232: file /builds/worker/checkouts/gecko/ipc/chromium/src/chrome/common/ipc_channel_win.cc:443
[Parent 21496, IPC I/O Parent] WARNING: DuplicateHandle failed for handle 0 in TransferHandles: file /builds/worker/checkouts/gecko/ipc/chromium/src/chrome/common/ipc_channel_win.cc:621
[GPU 8616, IPC I/O Child] WARNING: pipe error: 232: file /builds/worker/checkouts/gecko/ipc/chromium/src/chrome/common/ipc_channel_win.cc:443
[Parent 21496, IPC I/O Parent] WARNING: DuplicateHandle failed for handle 0 in TransferHandles: file /builds/worker/checkouts/gecko/ipc/chromium/src/chrome/common/ipc_channel_win.cc:621
[GPU 8616, IPC I/O Child] WARNING: pipe error: 232: file /builds/worker/checkouts/gecko/ipc/chromium/src/chrome/common/ipc_channel_win.cc:443
[Parent 21496, IPC I/O Parent] WARNING: DuplicateHandle failed for handle 0 in TransferHandles: file /builds/worker/checkouts/gecko/ipc/chromium/src/chrome/common/ipc_channel_win.cc:621
[GPU 8616, IPC I/O Child] WARNING: pipe error: 232: file /builds/worker/checkouts/gecko/ipc/chromium/src/chrome/common/ipc_channel_win.cc:443
1693274499749	geckodriver	INFO	Listening on 127.0.0.1:55013
1693274502841	mozrunner::runner	INFO	Running command: "C:\\Program Files\\Mozilla Firefox\\firefox.exe" "--marionette" "--remote-debugging-port" "55014" "--remote-allow-hosts" "localhost" "-no-remote" "-profile" "C:\\Users\\000BAW~1\\AppData\\Local\\Temp\\rust_mozprofile8DQzsw"
console.error: Enterprise Policies: 
  Unknown policy: FlashPlugin
console.warn: services.settings: Ignoring preference override of remote settings server
console.warn: services.settings: Allow by setting MOZ_REMOTE_SETTINGS_DEVTOOLS=1 in the environment
1693274503315	Marionette	INFO	Marionette enabled
Dynamically enable window occlusion 0
1693274503466	Marionette	INFO	Listening on port 55022
WebDriver BiDi listening on ws://127.0.0.1:55014
Read port: 55022
1693274503768	RemoteAgent	WARN	TLS certificate errors will be ignored for this session
DevTools listening on ws://127.0.0.1:55014/devtools/browser/ebceaf7c-782a-45f3-a1d1-03b2f2a68902
console.warn: LoginRecipes: "Falling back to a synchronous message for: http://alchemy.hguy.co:8080."
console.warn: LoginRecipes: "Falling back to a synchronous message for: http://alchemy.hguy.co:8080."
1693274508186	Marionette	INFO	Stopped listening on port 55022
Dynamically enable window occlusion 1
[Parent 3260, IPC I/O Parent] WARNING: DuplicateHandle failed for handle 0 in TransferHandles: file /builds/worker/checkouts/gecko/ipc/chromium/src/chrome/common/ipc_channel_win.cc:621
[GPU 15180, IPC I/O Child] WARNING: pipe error: 232: file /builds/worker/checkouts/gecko/ipc/chromium/src/chrome/common/ipc_channel_win.cc:443
[Parent 3260, IPC I/O Parent] WARNING: DuplicateHandle failed for handle 0 in TransferHandles: file /builds/worker/checkouts/gecko/ipc/chromium/src/chrome/common/ipc_channel_win.cc:621
[GPU 15180, IPC I/O Child] WARNING: pipe error: 232: file /builds/worker/checkouts/gecko/ipc/chromium/src/chrome/common/ipc_channel_win.cc:443
[Parent 3260, IPC I/O Parent] WARNING: DuplicateHandle failed for handle 0 in TransferHandles: file /builds/worker/checkouts/gecko/ipc/chromium/src/chrome/common/ipc_channel_win.cc:621
[GPU 15180, IPC I/O Child] WARNING: pipe error: 232: file /builds/worker/checkouts/gecko/ipc/chromium/src/chrome/common/ipc_channel_win.cc:443
[Parent 3260, IPC I/O Parent] WARNING: DuplicateHandle failed for handle 0 in TransferHandles: file /builds/worker/checkouts/gecko/ipc/chromium/src/chrome/common/ipc_channel_win.cc:621
[GPU 15180, IPC I/O Child] WARNING: pipe error: 232: file /builds/worker/checkouts/gecko/ipc/chromium/src/chrome/common/ipc_channel_win.cc:443
[Parent 3260, IPC I/O Parent] WARNING: DuplicateHandle failed for handle 0 in TransferHandles: file /builds/worker/checkouts/gecko/ipc/chromium/src/chrome/common/ipc_channel_win.cc:621
[GPU 15180, IPC I/O Child] WARNING: pipe error: 232: file /builds/worker/checkouts/gecko/ipc/chromium/src/chrome/common/ipc_channel_win.cc:443
[Parent 3260, IPC I/O Parent] WARNING: DuplicateHandle failed for handle 0 in TransferHandles: file /builds/worker/checkouts/gecko/ipc/chromium/src/chrome/common/ipc_channel_win.cc:621
[GPU 15180, IPC I/O Child] WARNING: pipe error: 232: file /builds/worker/checkouts/gecko/ipc/chromium/src/chrome/common/ipc_channel_win.cc:443
